SF:lib\core\db\database_helper.dart
DA:9,2
DA:11,1
DA:12,1
DA:16,4
DA:20,2
DA:21,4
DA:22,2
DA:28,2
DA:29,2
DA:30,4
DA:32,2
DA:35,2
DA:36,2
DA:41,2
DA:42,2
DA:43,4
DA:44,2
DA:48,2
DA:49,2
DA:58,2
DA:84,1
DA:85,1
DA:86,1
DA:89,1
DA:90,1
DA:91,1
DA:94,1
DA:98,2
DA:99,2
DA:100,2
DA:103,2
DA:106,2
DA:107,1
DA:113,2
DA:114,2
DA:115,2
DA:121,1
DA:122,1
DA:123,1
DA:126,1
DA:127,1
DA:128,1
DA:131,1
DA:135,2
DA:136,2
DA:137,2
DA:140,2
DA:143,2
DA:144,1
DA:150,2
DA:151,2
DA:152,2
LF:52
LH:52
end_of_record
