SF:lib\features\tv\data\datasources\tv_local_data_source.dart
DA:15,2
DA:17,2
DA:20,6
DA:23,2
DA:27,2
DA:30,6
DA:33,2
DA:37,1
DA:39,2
DA:41,1
DA:47,1
DA:49,2
DA:50,2
LF:13
LH:13
end_of_record
SF:lib\features\tv\data\models\tv_table.dart
DA:11,5
DA:18,6
DA:19,3
DA:20,3
DA:21,3
DA:22,3
DA:25,4
DA:26,2
DA:27,2
DA:28,2
DA:29,2
DA:32,6
DA:33,3
DA:34,3
DA:35,3
DA:36,3
DA:39,4
DA:40,2
DA:41,2
DA:42,2
DA:43,2
DA:47,1
DA:48,5
LF:23
LH:23
end_of_record
SF:lib\features\tv\domain\entities\tv.dart
DA:10,9
DA:18,7
DA:19,42
LF:3
LH:3
end_of_record
SF:lib\features\tv\domain\entities\tv_detail.dart
DA:13,6
DA:23,2
DA:25,16
DA:35,4
DA:43,2
DA:44,12
LF:6
LH:6
end_of_record
SF:lib\features\tv\data\datasources\tv_remote_data_source.dart
DA:24,3
DA:26,2
DA:29,6
DA:31,4
DA:32,4
DA:34,1
DA:38,2
DA:41,6
DA:43,4
DA:44,4
DA:46,2
DA:50,2
DA:52,8
DA:54,4
DA:55,3
DA:57,1
DA:61,2
DA:63,2
DA:64,6
DA:66,4
DA:67,4
DA:69,1
DA:73,2
DA:76,6
DA:78,4
DA:79,4
DA:81,1
DA:85,2
DA:88,6
DA:90,4
DA:91,4
DA:93,1
DA:97,2
DA:99,2
DA:100,6
DA:102,4
DA:103,4
DA:105,2
DA:109,2
DA:112,2
DA:113,6
DA:115,4
DA:116,3
DA:118,1
LF:44
LH:44
end_of_record
SF:lib\features\tv\data\models\tv_models.dart
DA:15,5
DA:23,10
DA:24,5
DA:25,7
DA:26,5
DA:27,5
DA:28,10
DA:31,6
DA:32,3
DA:33,3
DA:34,3
DA:35,3
DA:36,3
DA:39,10
DA:40,5
DA:41,5
DA:42,5
DA:43,5
DA:44,5
DA:47,1
DA:48,6
DA:60,4
DA:70,4
DA:71,4
DA:72,4
DA:73,5
DA:74,4
DA:75,4
DA:76,8
DA:77,5
DA:78,8
DA:79,4
DA:80,5
DA:81,10
DA:82,4
DA:85,8
DA:86,4
DA:87,4
DA:88,4
DA:89,4
DA:90,4
DA:91,16
DA:92,18
DA:95,1
DA:97,8
DA:107,4
DA:115,8
DA:116,4
DA:117,4
DA:118,4
DA:119,4
DA:120,4
DA:123,8
DA:124,4
DA:125,4
DA:126,4
DA:127,4
DA:128,4
DA:131,1
DA:132,6
DA:138,3
DA:140,6
DA:141,3
DA:142,9
DA:143,3
DA:146,1
DA:147,2
DA:157,4
DA:165,8
DA:166,4
DA:167,4
DA:168,4
DA:169,4
DA:170,4
DA:173,6
DA:174,3
DA:175,3
DA:176,3
DA:177,3
DA:178,3
DA:181,1
DA:182,6
DA:190,4
DA:196,4
DA:197,4
DA:198,4
DA:199,4
DA:200,5
DA:201,12
DA:202,4
DA:205,8
DA:206,4
DA:207,4
DA:208,16
DA:211,1
DA:212,4
LF:96
LH:96
end_of_record
SF:lib\features\tv\data\models\genre_model.dart
DA:8,3
DA:10,6
DA:11,3
DA:12,3
DA:15,2
DA:16,1
DA:17,1
DA:20,12
DA:22,1
DA:23,3
LF:10
LH:10
end_of_record
SF:lib\features\tv\domain\entities\episode.dart
DA:10,4
DA:18,3
DA:19,18
LF:3
LH:3
end_of_record
SF:lib\features\tv\domain\entities\season_detail.dart
DA:9,6
DA:15,2
DA:16,8
LF:3
LH:3
end_of_record
SF:lib\features\tv\data\repositories\tv_repository_impl.dart
DA:18,3
DA:23,2
DA:26,4
DA:27,5
DA:28,2
DA:30,2
DA:35,3
DA:38,6
DA:39,10
DA:40,2
DA:42,1
DA:47,2
DA:50,4
DA:51,2
DA:52,1
DA:54,1
DA:59,2
DA:62,4
DA:63,5
DA:64,1
DA:66,1
DA:71,3
DA:74,6
DA:75,10
DA:76,1
DA:78,1
DA:83,3
DA:86,6
DA:87,10
DA:88,1
DA:90,1
DA:95,2
DA:98,4
DA:99,5
DA:100,1
DA:102,1
DA:107,2
DA:111,4
DA:112,2
DA:113,2
DA:115,2
DA:120,2
DA:124,6
DA:125,2
DA:126,1
DA:127,3
DA:133,2
DA:137,6
DA:138,2
DA:139,1
DA:140,3
DA:144,1
DA:146,2
DA:150,1
DA:152,2
DA:153,5
LF:56
LH:56
end_of_record
SF:lib\features\tv\domain\usecases\get_airing_today_tv.dart
DA:8,5
DA:9,15
LF:2
LH:2
end_of_record
SF:lib\features\tv\presentation\bloc\airing_today_tv_state.dart
DA:4,6
DA:5,2
DA:6,2
DA:15,5
DA:16,2
DA:17,4
DA:22,1
DA:23,2
DA:24,4
LF:9
LH:9
end_of_record
SF:lib\features\tv\presentation\bloc\airing_today_tv_bloc.dart
DA:11,3
DA:12,6
DA:13,6
DA:14,6
DA:15,6
DA:16,3
DA:17,4
DA:18,9
LF:8
LH:8
end_of_record
SF:lib\features\tv\presentation\bloc\airing_today_tv_event.dart
DA:4,5
DA:5,2
DA:6,2
LF:3
LH:3
end_of_record
SF:lib\features\tv\domain\usecases\get_popular_tv.dart
DA:8,5
DA:9,15
LF:2
LH:2
end_of_record
SF:lib\features\tv\presentation\bloc\popular_tv_state.dart
DA:4,6
DA:5,2
DA:6,2
DA:15,5
DA:16,2
DA:17,4
DA:22,1
DA:23,2
DA:24,4
LF:9
LH:9
end_of_record
SF:lib\features\tv\presentation\bloc\popular_tv_bloc.dart
DA:11,9
DA:12,6
DA:13,6
DA:14,6
DA:15,3
DA:16,4
DA:17,9
LF:7
LH:7
end_of_record
SF:lib\features\tv\presentation\bloc\popular_tv_event.dart
DA:4,6
DA:5,3
DA:6,3
LF:3
LH:3
end_of_record
SF:lib\features\tv\domain\usecases\get_on_the_air_tv.dart
DA:8,5
DA:9,15
LF:2
LH:2
end_of_record
SF:lib\features\tv\domain\usecases\get_top_rated_tv.dart
DA:8,5
DA:9,15
LF:2
LH:2
end_of_record
SF:lib\features\tv\domain\usecases\get_tv_detail.dart
DA:8,3
DA:9,3
DA:10,6
LF:3
LH:3
end_of_record
SF:lib\features\tv\domain\usecases\get_tv_recommendations.dart
DA:8,3
DA:9,3
DA:10,6
LF:3
LH:3
end_of_record
SF:lib\features\tv\domain\usecases\get_watchlist_status_tv.dart
DA:5,3
DA:6,9
LF:2
LH:2
end_of_record
SF:lib\features\tv\domain\usecases\get_watchlist_tv.dart
DA:8,2
DA:9,6
LF:2
LH:2
end_of_record
SF:lib\features\tv\domain\usecases\remove_watchlist_tv.dart
DA:8,3
DA:9,3
DA:10,6
LF:3
LH:3
end_of_record
SF:lib\features\tv\domain\usecases\save_watchlist_tv.dart
DA:8,3
DA:9,3
DA:10,6
LF:3
LH:3
end_of_record
SF:lib\features\tv\domain\usecases\get_season_detail.dart
DA:8,1
DA:9,1
DA:10,2
LF:3
LH:3
end_of_record
SF:lib\features\tv\domain\usecases\search_tv.dart
DA:8,3
DA:9,3
DA:10,6
LF:3
LH:3
end_of_record
SF:lib\features\tv\presentation\bloc\tv_search_state.dart
DA:4,3
DA:5,2
DA:6,2
DA:15,2
DA:16,2
DA:17,4
DA:22,1
DA:23,2
DA:24,4
LF:9
LH:9
end_of_record
SF:lib\features\tv\presentation\bloc\tv_search_event.dart
DA:4,2
DA:5,1
DA:6,1
DA:11,1
DA:12,2
DA:13,4
DA:17,1
LF:7
LH:7
end_of_record
SF:lib\features\tv\presentation\bloc\tv_search_bloc.dart
DA:11,3
DA:12,2
DA:13,2
DA:14,3
DA:15,1
DA:16,4
DA:17,3
DA:20,4
LF:8
LH:8
end_of_record
SF:lib\features\tv\presentation\bloc\on_the_air_tv_state.dart
DA:4,5
DA:5,1
DA:6,1
DA:15,5
DA:16,1
DA:17,2
DA:22,1
DA:23,1
DA:24,2
LF:9
LH:9
end_of_record
SF:lib\features\tv\presentation\bloc\on_the_air_tv_event.dart
DA:4,5
DA:5,2
DA:6,2
LF:3
LH:3
end_of_record
SF:lib\features\tv\presentation\bloc\on_the_air_tv_bloc.dart
DA:11,9
DA:12,6
DA:13,6
DA:14,6
DA:15,3
DA:16,4
DA:17,9
LF:7
LH:7
end_of_record
SF:lib\features\tv\presentation\bloc\top_rated_tv_event.dart
DA:4,5
DA:5,2
DA:6,2
LF:3
LH:3
end_of_record
SF:lib\features\tv\presentation\bloc\top_rated_tv_bloc.dart
DA:11,9
DA:12,6
DA:13,6
DA:14,6
DA:15,3
DA:16,4
DA:17,9
LF:7
LH:7
end_of_record
SF:lib\features\tv\presentation\bloc\top_rated_tv_state.dart
DA:4,6
DA:5,2
DA:6,2
DA:15,6
DA:16,2
DA:17,4
DA:22,2
DA:23,2
DA:24,4
LF:9
LH:9
end_of_record
SF:lib\features\tv\presentation\bloc\season_detail_cubit.dart
DA:15,2
DA:16,2
DA:18,2
DA:19,4
DA:20,4
DA:23,2
DA:24,6
DA:25,2
DA:26,4
DA:27,2
DA:28,6
DA:29,6
LF:12
LH:12
end_of_record
SF:lib\features\tv\presentation\bloc\season_detail_state.dart
DA:8,2
DA:10,1
DA:11,1
DA:12,1
DA:13,1
DA:14,1
DA:15,1
DA:16,2
DA:17,2
DA:19,2
DA:20,8
LF:11
LH:11
end_of_record
SF:lib\features\tv\presentation\bloc\tv_detail_event.dart
DA:4,4
DA:5,3
DA:6,3
DA:11,4
DA:12,2
DA:13,4
LF:6
LH:6
end_of_record
SF:lib\features\tv\presentation\bloc\tv_detail_state.dart
DA:12,4
DA:20,3
DA:28,3
DA:35,3
DA:36,1
DA:37,3
DA:38,3
DA:39,3
DA:40,3
DA:43,1
DA:45,6
LF:11
LH:11
end_of_record
SF:lib\features\tv\presentation\bloc\tv_detail_bloc.dart
DA:21,1
DA:27,2
DA:28,2
DA:29,3
DA:31,3
DA:32,1
DA:33,1
DA:34,4
DA:35,1
DA:36,0
DA:42,2
DA:44,3
DA:45,4
DA:46,3
DA:48,3
DA:56,2
DA:57,2
DA:58,2
DA:59,2
DA:60,2
DA:61,2
DA:63,1
DA:65,3
DA:66,3
DA:70,2
DA:71,3
DA:72,3
LF:27
LH:26
end_of_record
SF:lib\features\tv\presentation\bloc\watchlist_tv_bloc.dart
DA:9,3
DA:10,2
DA:11,2
DA:12,2
DA:14,1
DA:15,1
DA:16,3
DA:18,1
DA:19,2
LF:9
LH:9
end_of_record
SF:lib\features\tv\presentation\bloc\watchlist_tv_event.dart
DA:4,3
DA:6,1
DA:7,1
LF:3
LH:3
end_of_record
SF:lib\features\tv\presentation\bloc\watchlist_tv_state.dart
DA:5,2
DA:7,1
DA:8,1
DA:18,2
DA:20,1
DA:21,2
DA:27,1
DA:29,1
DA:30,2
LF:9
LH:9
end_of_record
SF:lib\features\tv\presentation\pages\airing_today_tv_page.dart
DA:12,1
DA:14,1
DA:15,1
DA:19,1
DA:21,1
DA:22,1
DA:23,5
DA:26,1
DA:28,1
DA:29,1
DA:30,1
DA:32,1
DA:33,1
DA:34,1
DA:36,1
DA:37,1
DA:39,1
DA:41,1
DA:42,1
DA:43,1
DA:44,2
DA:45,1
DA:47,2
DA:49,1
DA:50,1
DA:52,2
LF:26
LH:26
end_of_record
SF:lib\features\tv\presentation\widgets\tv_card_list.dart
DA:8,8
DA:10,8
DA:12,16
DA:13,8
DA:14,8
DA:16,16
DA:17,8
DA:18,8
DA:19,2
DA:22,2
DA:24,8
DA:26,8
DA:28,8
DA:29,8
DA:30,8
DA:31,8
DA:32,24
DA:39,8
DA:40,8
DA:42,8
DA:43,32
DA:45,8
DA:46,16
DA:49,8
LF:24
LH:24
end_of_record
SF:lib\features\tv\presentation\pages\tv_detail_page.dart
DA:19,0
DA:21,2
DA:22,2
DA:26,2
DA:28,2
DA:29,4
DA:30,12
DA:34,2
DA:36,2
DA:37,2
DA:38,2
DA:39,4
DA:41,4
DA:42,2
DA:43,2
DA:44,2
DA:45,2
DA:47,2
DA:48,2
DA:51,4
DA:52,6
DA:67,2
DA:69,2
DA:71,6
DA:72,2
DA:73,2
DA:74,2
DA:75,6
DA:79,2
DA:81,2
DA:82,2
DA:83,2
DA:84,2
DA:85,6
DA:90,2
DA:91,2
DA:92,2
DA:94,2
DA:96,2
DA:98,2
DA:99,8
DA:100,2
DA:101,2
DA:103,2
DA:104,4
DA:106,6
DA:107,2
DA:108,2
DA:109,2
DA:112,2
DA:114,2
DA:115,2
DA:122,8
DA:123,2
DA:124,2
DA:125,2
DA:126,6
DA:128,2
DA:134,8
DA:138,4
DA:139,6
DA:142,7
DA:143,2
DA:145,1
DA:148,3
DA:149,1
DA:151,1
DA:152,3
DA:153,1
DA:154,2
DA:156,2
DA:157,2
DA:159,1
DA:161,1
DA:162,1
DA:164,1
DA:165,1
DA:166,1
DA:167,1
DA:169,1
DA:170,1
DA:172,2
DA:178,1
DA:179,1
DA:180,1
DA:183,1
DA:184,2
DA:185,1
DA:187,1
DA:188,2
DA:189,1
DA:195,1
DA:198,1
DA:199,2
DA:202,1
DA:203,1
DA:213,2
DA:216,1
DA:217,1
DA:218,2
DA:222,1
DA:223,1
DA:226,1
DA:229,1
DA:231,2
DA:239,1
DA:240,3
DA:241,1
DA:242,1
DA:243,1
DA:250,1
DA:252,1
DA:260,2
DA:261,4
DA:262,4
DA:263,2
DA:265,2
DA:267,4
DA:268,2
DA:269,4
DA:270,2
DA:272,2
DA:273,0
DA:274,0
DA:277,0
DA:280,2
DA:283,2
DA:285,4
DA:300,2
DA:303,2
DA:312,2
DA:314,2
DA:317,2
DA:320,4
DA:328,2
DA:329,2
DA:330,8
LF:137
LH:133
end_of_record
SF:lib\features\tv\presentation\pages\popular_tv_page.dart
DA:12,1
DA:14,1
DA:15,1
DA:19,1
DA:21,1
DA:22,6
DA:25,1
DA:27,1
DA:28,1
DA:29,1
DA:31,1
DA:32,1
DA:33,1
DA:35,1
DA:36,1
DA:38,1
DA:40,1
DA:41,1
DA:42,1
DA:43,2
DA:44,1
DA:46,2
DA:48,1
DA:49,1
DA:51,2
LF:25
LH:25
end_of_record
SF:lib\features\tv\presentation\pages\home_tv_page.dart
DA:19,2
DA:21,3
DA:22,3
DA:26,3
DA:28,3
DA:29,6
DA:30,12
DA:31,12
DA:32,12
DA:33,12
DA:37,3
DA:39,3
DA:40,3
DA:42,3
DA:43,3
DA:44,2
DA:45,2
DA:49,3
DA:50,2
DA:51,2
DA:57,3
DA:59,3
DA:60,3
DA:62,3
DA:63,6
DA:64,3
DA:65,3
DA:66,3
DA:68,3
DA:70,3
DA:71,6
DA:72,3
DA:73,2
DA:78,3
DA:80,1
DA:81,1
DA:83,3
DA:84,3
DA:85,3
DA:87,3
DA:89,3
DA:90,6
DA:91,3
DA:92,2
DA:97,3
DA:99,0
DA:100,0
DA:102,3
DA:103,3
DA:104,3
DA:106,3
DA:108,3
DA:109,6
DA:110,3
DA:111,2
DA:116,3
DA:118,0
DA:119,0
DA:121,3
DA:122,3
DA:123,3
DA:125,3
DA:127,3
DA:128,6
DA:129,3
DA:130,2
DA:142,3
DA:143,3
DA:145,3
DA:146,6
DA:147,3
DA:162,3
DA:164,3
DA:166,3
DA:168,3
DA:170,6
DA:171,2
DA:172,4
DA:173,2
DA:175,2
DA:176,4
DA:179,2
DA:181,2
DA:183,2
DA:184,4
LF:85
LH:81
end_of_record
SF:lib\features\tv\presentation\pages\top_rated_tv_page.dart
DA:12,0
DA:14,2
DA:15,2
DA:19,1
DA:21,1
DA:22,1
DA:23,5
DA:26,1
DA:28,1
DA:29,1
DA:30,1
DA:32,1
DA:33,1
DA:34,1
DA:36,1
DA:37,1
DA:39,1
DA:41,1
DA:42,1
DA:43,1
DA:44,2
DA:45,1
DA:47,2
DA:49,1
DA:50,1
DA:52,2
LF:26
LH:25
end_of_record
SF:lib\features\tv\presentation\pages\tv_search_page.dart
DA:14,0
DA:16,1
DA:17,1
DA:27,1
DA:28,1
DA:29,2
DA:30,3
DA:31,1
DA:32,1
DA:35,1
DA:36,1
DA:37,2
DA:40,1
DA:41,3
DA:42,1
DA:43,1
DA:46,1
DA:47,2
DA:48,2
DA:49,2
DA:50,3
DA:52,1
DA:55,1
DA:57,1
DA:58,1
DA:61,0
DA:62,0
DA:63,0
DA:64,0
DA:65,0
DA:66,0
DA:70,1
DA:71,1
DA:72,3
DA:73,3
DA:74,2
DA:75,1
DA:76,1
DA:77,4
DA:79,0
DA:81,2
DA:85,1
DA:87,2
DA:88,2
DA:89,1
DA:92,1
DA:94,1
DA:95,1
DA:96,1
DA:98,1
DA:100,1
DA:101,1
DA:102,1
DA:103,1
DA:104,1
DA:105,1
DA:106,1
DA:107,1
DA:108,1
DA:109,3
DA:112,1
DA:116,3
DA:117,1
DA:120,1
DA:121,2
DA:122,2
DA:123,1
DA:125,1
DA:126,1
DA:127,2
DA:135,3
DA:136,1
DA:138,1
DA:140,1
DA:141,1
DA:147,1
DA:150,1
DA:151,3
DA:152,1
DA:153,1
DA:154,2
DA:155,3
DA:156,2
DA:157,1
DA:158,3
DA:159,2
DA:162,1
DA:166,2
DA:167,1
DA:168,1
DA:169,1
DA:170,1
DA:172,1
DA:173,1
DA:174,1
DA:177,1
DA:179,1
DA:180,2
DA:183,1
DA:184,1
DA:185,1
DA:187,1
DA:188,3
DA:189,2
DA:192,1
DA:193,3
DA:209,1
LF:107
LH:99
end_of_record
SF:lib\features\tv\presentation\pages\watchlist_tv_page.dart
DA:14,0
DA:16,3
DA:17,3
DA:21,1
DA:23,1
DA:24,1
DA:25,5
DA:28,1
DA:30,1
DA:31,4
DA:34,0
DA:36,0
DA:39,1
DA:41,1
DA:42,1
DA:43,1
DA:45,1
DA:46,1
DA:47,1
DA:49,1
DA:50,1
DA:51,1
DA:52,2
DA:53,1
DA:55,2
DA:57,1
DA:58,1
DA:59,2
DA:69,1
DA:71,2
DA:72,1
LF:31
LH:28
end_of_record
SF:lib\features\tv\presentation\pages\on_the_air_tv_page.dart
DA:12,1
DA:14,1
DA:15,1
DA:19,1
DA:21,1
DA:22,1
DA:23,5
DA:26,1
DA:28,1
DA:29,1
DA:30,1
DA:32,1
DA:33,1
DA:34,1
DA:36,1
DA:37,1
DA:39,1
DA:41,1
DA:42,1
DA:43,1
DA:44,2
DA:45,1
DA:47,2
DA:49,1
DA:50,1
DA:52,2
LF:26
LH:26
end_of_record
