SF:lib\features\movies\data\datasources\movie_local_data_source.dart
DA:15,1
DA:17,1
DA:20,3
DA:23,2
DA:27,1
DA:30,3
DA:33,2
DA:37,1
DA:39,2
DA:41,1
DA:47,1
DA:49,2
DA:50,2
LF:13
LH:13
end_of_record
SF:lib\features\movies\data\models\movie_table.dart
DA:11,4
DA:18,6
DA:19,3
DA:20,3
DA:21,3
DA:22,3
DA:25,4
DA:26,2
DA:27,2
DA:28,2
DA:29,2
DA:32,4
DA:33,2
DA:34,2
DA:35,2
DA:36,2
DA:39,6
DA:40,3
DA:41,3
DA:42,3
DA:43,3
DA:46,2
DA:47,10
LF:23
LH:23
end_of_record
SF:lib\features\movies\domain\entities\movie.dart
DA:4,8
DA:20,4
DA:49,6
DA:50,6
DA:51,6
DA:52,6
DA:53,6
DA:54,6
DA:55,6
DA:56,6
DA:57,6
DA:58,6
DA:59,6
DA:60,6
DA:61,6
DA:62,6
DA:63,6
LF:17
LH:17
end_of_record
SF:lib\features\movies\domain\entities\movie_detail.dart
DA:5,3
DA:33,1
DA:34,1
DA:35,1
DA:36,1
DA:37,1
DA:38,1
DA:39,1
DA:40,1
DA:41,1
DA:42,1
DA:43,1
DA:44,1
DA:45,1
LF:14
LH:14
end_of_record
SF:lib\features\movies\data\datasources\movie_remote_data_source.dart
DA:25,1
DA:27,1
DA:30,3
DA:32,2
DA:33,4
DA:35,1
DA:39,1
DA:42,4
DA:44,2
DA:45,3
DA:47,1
DA:51,1
DA:53,1
DA:54,3
DA:56,2
DA:57,4
DA:59,1
DA:63,1
DA:66,3
DA:68,2
DA:69,4
DA:71,1
DA:75,1
DA:78,3
DA:80,2
DA:81,4
DA:83,1
DA:87,1
DA:89,1
DA:90,3
DA:92,2
DA:93,4
DA:95,1
LF:33
LH:33
end_of_record
SF:lib\features\movies\data\models\movie_detail_model.dart
DA:7,2
DA:53,1
DA:54,1
DA:55,1
DA:56,1
DA:57,1
DA:58,1
DA:59,4
DA:60,1
DA:61,1
DA:62,1
DA:63,1
DA:64,1
DA:65,1
DA:66,2
DA:67,1
DA:68,1
DA:69,1
DA:70,1
DA:71,1
DA:72,1
DA:73,1
DA:74,1
DA:75,2
DA:76,1
DA:79,2
DA:80,1
DA:81,1
DA:82,1
DA:83,5
DA:84,1
DA:85,1
DA:86,1
DA:87,1
DA:88,1
DA:89,1
DA:90,1
DA:91,1
DA:92,1
DA:93,1
DA:94,1
DA:95,1
DA:96,1
DA:97,1
DA:98,1
DA:99,1
DA:100,1
DA:103,2
DA:104,2
DA:105,2
DA:106,2
DA:107,8
DA:108,2
DA:109,2
DA:110,2
DA:111,2
DA:112,2
DA:113,2
DA:114,2
DA:115,2
DA:116,2
DA:120,1
DA:121,1
DA:122,1
DA:123,1
DA:124,1
DA:125,1
DA:126,1
DA:127,1
DA:128,1
DA:129,1
DA:130,1
DA:131,1
DA:132,1
DA:133,1
DA:134,1
DA:135,1
DA:136,1
DA:137,1
DA:138,1
DA:139,1
DA:140,1
DA:141,1
DA:142,1
LF:84
LH:84
end_of_record
SF:lib\features\movies\data\models\movie_model.dart
DA:6,3
DA:36,6
DA:37,3
DA:38,3
DA:39,12
DA:40,3
DA:41,3
DA:42,3
DA:43,6
DA:44,3
DA:45,3
DA:46,3
DA:47,3
DA:48,6
DA:49,3
DA:52,4
DA:53,2
DA:54,2
DA:55,8
DA:56,2
DA:57,2
DA:58,2
DA:59,2
DA:60,2
DA:61,2
DA:62,2
DA:63,2
DA:64,2
DA:65,2
DA:68,3
DA:69,3
DA:70,3
DA:71,3
DA:72,3
DA:73,3
DA:74,3
DA:75,3
DA:76,3
DA:77,3
DA:78,3
DA:79,3
DA:80,3
DA:81,3
DA:82,3
DA:86,2
DA:87,2
DA:88,2
DA:89,2
DA:90,2
DA:91,2
DA:92,2
DA:93,2
DA:94,2
DA:95,2
DA:96,2
DA:97,2
DA:98,2
DA:99,2
DA:100,2
LF:59
LH:59
end_of_record
SF:lib\features\movies\data\models\movie_response.dart
DA:7,2
DA:9,4
DA:10,4
DA:11,6
DA:12,6
DA:15,2
DA:16,5
DA:19,1
DA:20,2
LF:9
LH:9
end_of_record
SF:lib\features\movies\data\models\genre_model.dart
DA:5,2
DA:13,2
DA:14,1
DA:15,1
DA:18,2
DA:19,1
DA:20,1
DA:23,1
DA:24,3
DA:27,1
DA:28,3
LF:11
LH:11
end_of_record
SF:lib\features\movies\data\repositories\movie_repository_impl.dart
DA:17,2
DA:22,2
DA:25,4
DA:26,10
DA:27,2
DA:29,2
DA:34,2
DA:37,4
DA:38,4
DA:39,1
DA:41,1
DA:46,2
DA:49,4
DA:50,8
DA:51,1
DA:53,1
DA:58,2
DA:61,4
DA:62,10
DA:63,1
DA:65,1
DA:70,2
DA:73,4
DA:74,10
DA:75,1
DA:77,1
DA:82,2
DA:85,4
DA:86,10
DA:87,1
DA:89,1
DA:94,2
DA:98,6
DA:99,2
DA:100,1
DA:101,3
DA:107,2
DA:111,6
DA:112,2
DA:113,1
DA:114,3
DA:118,2
DA:120,4
DA:124,2
DA:126,4
DA:127,10
LF:46
LH:46
end_of_record
SF:lib\features\movies\domain\usecases\get_movie_detail.dart
DA:9,2
DA:11,2
DA:12,4
LF:3
LH:3
end_of_record
SF:lib\features\movies\domain\usecases\get_movie_recommendations.dart
DA:9,2
DA:11,2
DA:12,4
LF:3
LH:3
end_of_record
SF:lib\features\movies\domain\usecases\get_now_playing_movies.dart
DA:9,2
DA:11,2
DA:12,4
LF:3
LH:3
end_of_record
SF:lib\features\movies\domain\usecases\get_popular_movies.dart
DA:9,2
DA:11,2
DA:12,4
LF:3
LH:3
end_of_record
SF:lib\features\movies\domain\usecases\get_top_rated_movies.dart
DA:9,2
DA:11,2
DA:12,4
LF:3
LH:3
end_of_record
SF:lib\features\movies\domain\usecases\get_watchlist_movies.dart
DA:9,2
DA:11,2
DA:12,4
LF:3
LH:3
end_of_record
SF:lib\features\movies\domain\usecases\get_watchlist_status.dart
DA:6,2
DA:8,2
DA:9,4
LF:3
LH:3
end_of_record
SF:lib\features\movies\domain\usecases\remove_watchlist.dart
DA:9,2
DA:11,2
DA:12,4
LF:3
LH:3
end_of_record
SF:lib\features\movies\domain\usecases\save_watchlist.dart
DA:9,2
DA:11,2
DA:12,4
LF:3
LH:3
end_of_record
SF:lib\features\movies\domain\usecases\search_movies.dart
DA:9,6
DA:11,6
DA:12,12
LF:3
LH:3
end_of_record
SF:lib\features\movies\presentation\bloc\movie_search_state.dart
DA:4,4
DA:6,0
DA:7,0
DA:16,4
DA:17,0
DA:18,0
DA:23,2
DA:24,0
DA:25,0
LF:9
LH:3
end_of_record
SF:lib\features\movies\presentation\bloc\movie_search_event.dart
DA:4,4
DA:5,0
DA:6,0
DA:11,4
DA:12,0
DA:13,0
DA:17,0
LF:7
LH:2
end_of_record
SF:lib\features\movies\presentation\bloc\movie_search_bloc.dart
DA:11,12
DA:12,8
DA:13,8
DA:14,12
DA:15,4
DA:16,8
DA:17,12
DA:20,7
LF:8
LH:8
end_of_record
SF:lib\features\movies\presentation\bloc\now_playing_movies_bloc.dart
DA:10,1
DA:11,2
DA:12,2
DA:13,2
DA:14,2
DA:16,1
DA:17,1
DA:18,3
DA:20,1
DA:21,2
LF:10
LH:10
end_of_record
SF:lib\features\movies\presentation\bloc\now_playing_movies_event.dart
DA:4,2
DA:6,0
DA:7,0
LF:3
LH:1
end_of_record
SF:lib\features\movies\presentation\bloc\now_playing_movies_state.dart
DA:5,2
DA:7,1
DA:8,1
DA:18,2
DA:20,1
DA:21,2
DA:27,1
DA:29,1
DA:30,2
LF:9
LH:9
end_of_record
SF:lib\features\movies\presentation\bloc\popular_movies_bloc.dart
DA:9,3
DA:10,2
DA:11,2
DA:12,2
DA:14,1
DA:15,1
DA:16,3
DA:18,1
DA:19,2
LF:9
LH:9
end_of_record
SF:lib\features\movies\presentation\bloc\popular_movies_event.dart
DA:4,4
DA:6,0
DA:7,0
LF:3
LH:1
end_of_record
SF:lib\features\movies\presentation\bloc\popular_movies_state.dart
DA:5,3
DA:7,1
DA:8,1
DA:18,2
DA:20,1
DA:21,2
DA:27,1
DA:29,1
DA:30,2
LF:9
LH:9
end_of_record
SF:lib\features\movies\presentation\bloc\top_rated_movies_bloc.dart
DA:10,3
DA:11,2
DA:12,2
DA:13,2
DA:15,1
DA:16,1
DA:17,3
DA:19,1
DA:20,2
LF:9
LH:9
end_of_record
SF:lib\features\movies\presentation\bloc\top_rated_movies_event.dart
DA:4,4
DA:6,0
DA:7,0
LF:3
LH:1
end_of_record
SF:lib\features\movies\presentation\bloc\top_rated_movies_state.dart
DA:5,3
DA:7,1
DA:8,1
DA:18,2
DA:20,1
DA:21,2
DA:27,1
DA:29,1
DA:30,2
LF:9
LH:9
end_of_record
SF:lib\features\movies\presentation\bloc\watchlist_movie_bloc.dart
DA:10,3
DA:11,2
DA:12,2
DA:13,2
DA:15,1
DA:16,1
DA:17,3
DA:19,1
DA:20,2
LF:9
LH:9
end_of_record
SF:lib\features\movies\presentation\bloc\watchlist_movie_event.dart
DA:4,3
DA:6,0
DA:7,0
LF:3
LH:1
end_of_record
SF:lib\features\movies\presentation\bloc\watchlist_movie_state.dart
DA:5,3
DA:7,1
DA:8,1
DA:18,2
DA:20,1
DA:21,2
DA:27,1
DA:29,1
DA:30,2
LF:9
LH:9
end_of_record
SF:lib\features\movies\presentation\pages\home_movie_page.dart
DA:22,1
DA:25,1
DA:26,1
DA:30,1
DA:32,1
DA:33,2
DA:34,4
DA:35,4
DA:36,4
DA:40,1
DA:42,1
DA:43,1
DA:45,1
DA:46,1
DA:47,0
DA:48,0
DA:52,1
DA:54,0
DA:55,0
DA:60,1
DA:62,1
DA:63,1
DA:65,1
DA:66,2
DA:67,1
DA:68,1
DA:69,2
DA:70,1
DA:72,1
DA:73,2
DA:78,1
DA:80,0
DA:81,0
DA:83,1
DA:84,1
DA:85,2
DA:86,1
DA:88,1
DA:89,2
DA:94,1
DA:96,0
DA:97,0
DA:99,1
DA:100,1
DA:101,2
DA:102,1
DA:104,1
DA:105,2
DA:117,1
DA:118,1
DA:120,1
DA:121,2
DA:122,1
DA:137,1
DA:139,1
DA:141,1
DA:143,1
DA:145,1
DA:146,2
DA:147,1
DA:149,1
DA:150,0
DA:151,0
DA:154,0
DA:157,1
DA:159,1
DA:160,2
DA:168,2
LF:68
LH:57
end_of_record
SF:lib\features\movies\presentation\bloc\movie_detail_bloc.dart
DA:20,0
DA:26,0
DA:27,0
DA:28,0
DA:29,0
DA:31,0
DA:33,0
DA:34,0
DA:35,0
DA:37,0
DA:40,0
DA:41,0
DA:46,0
DA:47,0
DA:48,0
DA:49,0
DA:52,0
DA:53,0
DA:63,0
DA:64,0
DA:66,0
DA:67,0
DA:68,0
DA:70,0
DA:71,0
DA:75,0
DA:78,0
DA:79,0
DA:81,0
DA:82,0
DA:83,0
DA:85,0
DA:86,0
DA:90,0
DA:93,0
DA:94,0
DA:95,0
LF:37
LH:0
end_of_record
SF:lib\features\movies\presentation\bloc\movie_detail_event.dart
DA:4,0
DA:6,0
DA:7,0
DA:13,0
DA:15,0
DA:16,0
DA:22,0
DA:24,0
DA:25,0
DA:31,0
DA:33,0
DA:34,0
DA:40,0
DA:42,0
DA:43,0
LF:15
LH:0
end_of_record
SF:lib\features\movies\presentation\bloc\movie_detail_state.dart
DA:15,1
DA:24,0
DA:35,0
DA:43,0
DA:44,0
DA:45,0
DA:46,0
DA:47,0
DA:48,0
DA:49,0
DA:53,0
DA:54,0
DA:55,0
DA:56,0
DA:57,0
DA:58,0
DA:59,0
DA:60,0
LF:18
LH:1
end_of_record
SF:lib\features\movies\presentation\pages\movie_detail_page.dart
DA:18,0
DA:20,0
DA:21,0
DA:25,0
DA:27,0
DA:28,0
DA:29,0
DA:30,0
DA:34,0
DA:36,0
DA:37,0
DA:38,0
DA:39,0
DA:40,0
DA:41,0
DA:45,0
DA:46,0
DA:47,0
DA:48,0
DA:49,0
DA:51,0
DA:52,0
DA:53,0
DA:54,0
DA:55,0
DA:57,0
DA:58,0
DA:61,0
DA:62,0
DA:77,0
DA:80,0
DA:82,0
DA:83,0
DA:84,0
DA:85,0
DA:86,0
DA:90,0
DA:92,0
DA:93,0
DA:94,0
DA:95,0
DA:96,0
DA:105,0
DA:106,0
DA:107,0
DA:109,0
DA:111,0
DA:113,0
DA:114,0
DA:115,0
DA:116,0
DA:118,0
DA:119,0
DA:120,0
DA:122,0
DA:123,0
DA:126,0
DA:127,0
DA:130,0
DA:132,0
DA:133,0
DA:140,0
DA:141,0
DA:143,0
DA:144,0
DA:146,0
DA:147,0
DA:148,0
DA:149,0
DA:151,0
DA:157,0
DA:161,0
DA:163,0
DA:165,0
DA:166,0
DA:169,0
DA:171,0
DA:173,0
DA:174,0
DA:175,0
DA:180,0
DA:182,0
DA:183,0
DA:185,0
DA:187,0
DA:189,0
DA:190,0
DA:191,0
DA:193,0
DA:194,0
DA:195,0
DA:198,0
DA:201,0
DA:206,0
DA:208,0
DA:216,0
DA:220,0
DA:228,0
DA:230,0
DA:245,0
DA:247,0
DA:250,0
DA:252,0
DA:253,0
DA:262,0
DA:264,0
DA:265,0
DA:268,0
DA:272,0
DA:275,0
DA:276,0
DA:277,0
DA:279,0
DA:280,0
DA:282,0
LF:115
LH:0
end_of_record
SF:lib\features\movies\presentation\pages\popular_movies_page.dart
DA:13,0
DA:15,2
DA:16,2
DA:20,2
DA:22,2
DA:23,2
DA:24,10
DA:27,2
DA:29,2
DA:30,2
DA:33,2
DA:35,2
DA:36,2
DA:37,2
DA:41,2
DA:42,2
DA:43,1
DA:44,2
DA:45,1
DA:47,4
DA:49,1
DA:50,1
DA:52,2
LF:23
LH:22
end_of_record
SF:lib\features\movies\presentation\pages\search_page.dart
DA:13,0
DA:15,3
DA:16,3
DA:26,3
DA:27,3
DA:28,3
DA:29,6
DA:30,2
DA:31,2
DA:34,2
DA:35,2
DA:36,2
DA:39,1
DA:40,3
DA:41,1
DA:42,1
DA:45,2
DA:46,4
DA:47,8
DA:48,4
DA:49,6
DA:51,2
DA:54,3
DA:56,3
DA:57,3
DA:60,0
DA:61,0
DA:62,0
DA:63,0
DA:64,0
DA:65,0
DA:69,2
DA:70,3
DA:71,6
DA:72,6
DA:73,4
DA:74,2
DA:75,2
DA:76,8
DA:78,3
DA:80,4
DA:84,3
DA:86,5
DA:87,6
DA:88,3
DA:91,3
DA:93,3
DA:94,3
DA:95,3
DA:97,3
DA:99,3
DA:100,3
DA:101,3
DA:102,3
DA:103,1
DA:104,1
DA:105,1
DA:106,1
DA:107,1
DA:108,3
DA:111,3
DA:114,9
DA:115,3
DA:118,0
DA:119,0
DA:120,0
DA:121,0
DA:123,0
DA:124,0
DA:125,0
DA:133,9
DA:134,3
DA:136,3
DA:138,3
DA:139,3
DA:145,3
DA:148,3
DA:149,9
DA:150,3
DA:151,1
DA:152,2
DA:153,3
DA:154,2
DA:155,1
DA:157,1
DA:158,2
DA:159,2
DA:162,3
DA:166,6
DA:167,3
DA:168,3
DA:169,3
DA:170,3
DA:172,3
DA:173,3
DA:174,0
DA:176,0
DA:178,3
DA:179,6
DA:182,1
DA:183,1
DA:184,1
DA:186,1
DA:187,3
DA:188,2
DA:191,3
DA:192,3
DA:209,3
LF:108
LH:92
end_of_record
SF:lib\features\movies\presentation\pages\top_rated_movies_page.dart
DA:13,0
DA:15,2
DA:16,2
DA:20,2
DA:22,2
DA:23,2
DA:24,10
DA:27,2
DA:29,2
DA:30,2
DA:33,2
DA:35,2
DA:36,2
DA:37,2
DA:41,2
DA:42,2
DA:43,1
DA:44,2
DA:45,1
DA:47,4
DA:49,1
DA:50,1
DA:52,2
LF:23
LH:22
end_of_record
SF:lib\features\movies\presentation\pages\watchlist_movies_page.dart
DA:14,0
DA:16,2
DA:17,2
DA:22,2
DA:24,2
DA:25,2
DA:26,10
DA:29,2
DA:31,2
DA:32,8
DA:35,0
DA:37,0
DA:40,2
DA:42,2
DA:43,2
DA:46,2
DA:48,2
DA:49,2
DA:50,2
DA:54,2
DA:55,2
DA:56,1
DA:57,2
DA:58,1
DA:60,4
DA:62,1
DA:63,1
DA:65,2
DA:78,2
DA:80,4
DA:81,2
LF:31
LH:28
end_of_record
SF:lib\features\movies\presentation\widgets\movie_card_list.dart
DA:9,7
DA:11,7
DA:13,14
DA:14,7
DA:15,7
DA:17,14
DA:18,7
DA:19,7
DA:20,2
DA:21,2
DA:24,4
DA:27,7
DA:29,7
DA:31,7
DA:32,7
DA:33,7
DA:34,7
DA:35,21
DA:42,7
DA:43,7
DA:45,7
DA:46,7
DA:47,14
DA:50,7
DA:53,7
DA:54,14
LF:26
LH:26
end_of_record
