SF:lib\features\movies\data\datasources\movie_local_data_source.dart
DA:15,1
DA:17,1
DA:20,3
DA:23,2
DA:27,1
DA:30,3
DA:33,2
DA:37,1
DA:39,2
DA:41,1
DA:47,1
DA:49,2
DA:50,2
LF:13
LH:13
end_of_record
SF:lib\features\movies\data\models\movie_table.dart
DA:11,4
DA:18,6
DA:19,3
DA:20,3
DA:21,3
DA:22,3
DA:25,4
DA:26,2
DA:27,2
DA:28,2
DA:29,2
DA:32,4
DA:33,2
DA:34,2
DA:35,2
DA:36,2
DA:39,6
DA:40,3
DA:41,3
DA:42,3
DA:43,3
DA:46,2
DA:47,10
LF:23
LH:23
end_of_record
SF:lib\features\movies\domain\entities\movie.dart
DA:4,9
DA:20,4
DA:49,7
DA:50,7
DA:51,7
DA:52,7
DA:53,7
DA:54,7
DA:55,7
DA:56,7
DA:57,7
DA:58,7
DA:59,7
DA:60,7
DA:61,7
DA:62,7
DA:63,7
LF:17
LH:17
end_of_record
SF:lib\features\movies\domain\entities\movie_detail.dart
DA:5,5
DA:33,2
DA:34,2
DA:35,2
DA:36,2
DA:37,2
DA:38,2
DA:39,2
DA:40,2
DA:41,2
DA:42,2
DA:43,2
DA:44,2
DA:45,2
LF:14
LH:14
end_of_record
SF:lib\features\movies\data\datasources\movie_remote_data_source.dart
DA:25,1
DA:27,1
DA:30,3
DA:32,2
DA:33,4
DA:35,1
DA:39,1
DA:42,4
DA:44,2
DA:45,3
DA:47,1
DA:51,1
DA:53,1
DA:54,3
DA:56,2
DA:57,4
DA:59,1
DA:63,1
DA:66,3
DA:68,2
DA:69,4
DA:71,1
DA:75,1
DA:78,3
DA:80,2
DA:81,4
DA:83,1
DA:87,1
DA:89,1
DA:90,3
DA:92,2
DA:93,4
DA:95,1
LF:33
LH:33
end_of_record
SF:lib\features\movies\data\models\movie_detail_model.dart
DA:7,2
DA:53,1
DA:54,1
DA:55,1
DA:56,1
DA:57,1
DA:58,1
DA:59,4
DA:60,1
DA:61,1
DA:62,1
DA:63,1
DA:64,1
DA:65,1
DA:66,2
DA:67,1
DA:68,1
DA:69,1
DA:70,1
DA:71,1
DA:72,1
DA:73,1
DA:74,1
DA:75,2
DA:76,1
DA:79,2
DA:80,1
DA:81,1
DA:82,1
DA:83,5
DA:84,1
DA:85,1
DA:86,1
DA:87,1
DA:88,1
DA:89,1
DA:90,1
DA:91,1
DA:92,1
DA:93,1
DA:94,1
DA:95,1
DA:96,1
DA:97,1
DA:98,1
DA:99,1
DA:100,1
DA:103,2
DA:104,2
DA:105,2
DA:106,2
DA:107,8
DA:108,2
DA:109,2
DA:110,2
DA:111,2
DA:112,2
DA:113,2
DA:114,2
DA:115,2
DA:116,2
DA:120,1
DA:121,1
DA:122,1
DA:123,1
DA:124,1
DA:125,1
DA:126,1
DA:127,1
DA:128,1
DA:129,1
DA:130,1
DA:131,1
DA:132,1
DA:133,1
DA:134,1
DA:135,1
DA:136,1
DA:137,1
DA:138,1
DA:139,1
DA:140,1
DA:141,1
DA:142,1
LF:84
LH:84
end_of_record
SF:lib\features\movies\data\models\movie_model.dart
DA:6,3
DA:36,6
DA:37,3
DA:38,3
DA:39,12
DA:40,3
DA:41,3
DA:42,3
DA:43,6
DA:44,3
DA:45,3
DA:46,3
DA:47,3
DA:48,6
DA:49,3
DA:52,4
DA:53,2
DA:54,2
DA:55,8
DA:56,2
DA:57,2
DA:58,2
DA:59,2
DA:60,2
DA:61,2
DA:62,2
DA:63,2
DA:64,2
DA:65,2
DA:68,3
DA:69,3
DA:70,3
DA:71,3
DA:72,3
DA:73,3
DA:74,3
DA:75,3
DA:76,3
DA:77,3
DA:78,3
DA:79,3
DA:80,3
DA:81,3
DA:82,3
DA:86,2
DA:87,2
DA:88,2
DA:89,2
DA:90,2
DA:91,2
DA:92,2
DA:93,2
DA:94,2
DA:95,2
DA:96,2
DA:97,2
DA:98,2
DA:99,2
DA:100,2
LF:59
LH:59
end_of_record
SF:lib\features\movies\data\models\movie_response.dart
DA:7,2
DA:9,4
DA:10,4
DA:11,6
DA:12,6
DA:15,2
DA:16,5
DA:19,1
DA:20,2
LF:9
LH:9
end_of_record
SF:lib\features\movies\data\models\genre_model.dart
DA:5,2
DA:13,2
DA:14,1
DA:15,1
DA:18,2
DA:19,1
DA:20,1
DA:23,1
DA:24,3
DA:27,1
DA:28,3
LF:11
LH:11
end_of_record
SF:lib\features\movies\data\repositories\movie_repository_impl.dart
DA:17,2
DA:22,2
DA:25,4
DA:26,10
DA:27,2
DA:29,2
DA:34,2
DA:37,4
DA:38,4
DA:39,1
DA:41,1
DA:46,2
DA:49,4
DA:50,8
DA:51,1
DA:53,1
DA:58,2
DA:61,4
DA:62,10
DA:63,1
DA:65,1
DA:70,2
DA:73,4
DA:74,10
DA:75,1
DA:77,1
DA:82,2
DA:85,4
DA:86,10
DA:87,1
DA:89,1
DA:94,2
DA:98,6
DA:99,2
DA:100,1
DA:101,3
DA:107,2
DA:111,6
DA:112,2
DA:113,1
DA:114,3
DA:118,2
DA:120,4
DA:124,2
DA:126,4
DA:127,10
LF:46
LH:46
end_of_record
SF:lib\features\movies\domain\usecases\get_movie_recommendations.dart
DA:9,2
DA:11,2
DA:12,4
LF:3
LH:3
end_of_record
SF:lib\features\movies\domain\usecases\get_movie_detail.dart
DA:9,2
DA:11,2
DA:12,4
LF:3
LH:3
end_of_record
SF:lib\features\movies\domain\usecases\get_now_playing_movies.dart
DA:9,2
DA:11,2
DA:12,4
LF:3
LH:3
end_of_record
SF:lib\features\movies\domain\usecases\get_top_rated_movies.dart
DA:9,2
DA:11,2
DA:12,4
LF:3
LH:3
end_of_record
SF:lib\features\movies\domain\usecases\get_popular_movies.dart
DA:9,2
DA:11,2
DA:12,4
LF:3
LH:3
end_of_record
SF:lib\features\movies\domain\usecases\get_watchlist_movies.dart
DA:9,2
DA:11,2
DA:12,4
LF:3
LH:3
end_of_record
SF:lib\features\movies\domain\usecases\get_watchlist_status.dart
DA:6,2
DA:8,2
DA:9,4
LF:3
LH:3
end_of_record
SF:lib\features\movies\domain\usecases\remove_watchlist.dart
DA:9,2
DA:11,2
DA:12,4
LF:3
LH:3
end_of_record
SF:lib\features\movies\domain\usecases\save_watchlist.dart
DA:9,2
DA:11,2
DA:12,4
LF:3
LH:3
end_of_record
SF:lib\features\movies\domain\usecases\search_movies.dart
DA:9,3
DA:11,3
DA:12,6
LF:3
LH:3
end_of_record
SF:lib\features\movies\presentation\bloc\movie_detail_bloc.dart
DA:20,1
DA:26,2
DA:27,2
DA:28,3
DA:29,3
DA:31,3
DA:33,1
DA:34,1
DA:35,3
DA:37,1
DA:40,1
DA:41,3
DA:46,1
DA:47,1
DA:48,3
DA:49,1
DA:52,1
DA:53,3
DA:63,2
DA:64,3
DA:66,1
DA:67,0
DA:68,0
DA:70,1
DA:71,3
DA:75,4
DA:78,2
DA:79,3
DA:81,1
DA:82,0
DA:83,0
DA:85,1
DA:86,3
DA:90,4
DA:93,2
DA:94,3
DA:95,3
LF:37
LH:33
end_of_record
SF:lib\features\movies\presentation\bloc\movie_detail_event.dart
DA:4,3
DA:6,1
DA:7,1
DA:13,3
DA:15,1
DA:16,2
DA:22,3
DA:24,1
DA:25,2
DA:31,2
DA:33,1
DA:34,2
DA:40,3
DA:42,1
DA:43,2
LF:15
LH:15
end_of_record
SF:lib\features\movies\presentation\bloc\movie_detail_state.dart
DA:15,3
DA:24,2
DA:35,2
DA:43,2
DA:44,1
DA:45,1
DA:46,1
DA:47,1
DA:48,2
DA:49,2
DA:53,1
DA:54,1
DA:55,1
DA:56,1
DA:57,1
DA:58,1
DA:59,1
DA:60,1
LF:18
LH:18
end_of_record
SF:lib\features\movies\presentation\bloc\movie_search_state.dart
DA:4,1
DA:6,1
DA:7,1
DA:16,1
DA:17,1
DA:18,2
DA:23,1
DA:24,1
DA:25,2
LF:9
LH:9
end_of_record
SF:lib\features\movies\presentation\bloc\movie_search_event.dart
DA:4,1
DA:5,1
DA:6,1
DA:11,1
DA:12,1
DA:13,2
DA:17,1
LF:7
LH:7
end_of_record
SF:lib\features\movies\presentation\bloc\movie_search_bloc.dart
DA:11,3
DA:12,2
DA:13,2
DA:14,3
DA:15,1
DA:16,4
DA:17,3
DA:20,1
LF:8
LH:8
end_of_record
SF:lib\features\movies\presentation\bloc\now_playing_movies_bloc.dart
DA:10,1
DA:11,2
DA:12,2
DA:13,2
DA:14,2
DA:16,1
DA:17,1
DA:18,3
DA:20,1
DA:21,2
LF:10
LH:10
end_of_record
SF:lib\features\movies\presentation\bloc\now_playing_movies_event.dart
DA:4,3
DA:6,1
DA:7,1
LF:3
LH:3
end_of_record
SF:lib\features\movies\presentation\bloc\now_playing_movies_state.dart
DA:5,2
DA:7,1
DA:8,1
DA:18,2
DA:20,1
DA:21,2
DA:27,1
DA:29,1
DA:30,2
LF:9
LH:9
end_of_record
SF:lib\features\movies\presentation\bloc\popular_movies_bloc.dart
DA:9,3
DA:10,2
DA:11,2
DA:12,2
DA:14,1
DA:15,1
DA:16,3
DA:18,1
DA:19,2
LF:9
LH:9
end_of_record
SF:lib\features\movies\presentation\bloc\popular_movies_event.dart
DA:4,5
DA:6,1
DA:7,1
LF:3
LH:3
end_of_record
SF:lib\features\movies\presentation\bloc\popular_movies_state.dart
DA:5,3
DA:7,1
DA:8,1
DA:18,2
DA:20,1
DA:21,2
DA:27,1
DA:29,1
DA:30,2
LF:9
LH:9
end_of_record
SF:lib\features\movies\presentation\bloc\top_rated_movies_bloc.dart
DA:10,3
DA:11,2
DA:12,2
DA:13,2
DA:15,1
DA:16,1
DA:17,3
DA:19,1
DA:20,2
LF:9
LH:9
end_of_record
SF:lib\features\movies\presentation\bloc\top_rated_movies_event.dart
DA:4,5
DA:6,1
DA:7,1
LF:3
LH:3
end_of_record
SF:lib\features\movies\presentation\bloc\top_rated_movies_state.dart
DA:5,3
DA:7,1
DA:8,1
DA:18,2
DA:20,1
DA:21,2
DA:27,1
DA:29,1
DA:30,2
LF:9
LH:9
end_of_record
SF:lib\features\movies\presentation\bloc\watchlist_movie_bloc.dart
DA:10,3
DA:11,2
DA:12,2
DA:13,2
DA:15,1
DA:16,1
DA:17,3
DA:19,1
DA:20,2
LF:9
LH:9
end_of_record
SF:lib\features\movies\presentation\bloc\watchlist_movie_event.dart
DA:4,4
DA:6,1
DA:7,1
LF:3
LH:3
end_of_record
SF:lib\features\movies\presentation\bloc\watchlist_movie_state.dart
DA:5,3
DA:7,1
DA:8,1
DA:18,2
DA:20,1
DA:21,2
DA:27,1
DA:29,1
DA:30,2
LF:9
LH:9
end_of_record
SF:lib\features\movies\presentation\cubit\search_recent_cubit.dart
DA:10,1
DA:11,1
DA:12,1
DA:15,1
DA:16,2
DA:17,2
DA:20,1
DA:21,2
DA:22,3
DA:23,0
DA:26,5
DA:29,1
DA:32,2
DA:33,1
DA:37,2
DA:38,2
DA:41,1
DA:42,2
DA:43,1
LF:19
LH:18
end_of_record
SF:lib\features\movies\presentation\cubit\search_recent_state.dart
DA:4,1
DA:6,1
DA:7,1
DA:11,1
DA:17,1
DA:19,1
DA:20,2
LF:7
LH:7
end_of_record
SF:lib\features\movies\presentation\pages\popular_movies_page.dart
DA:13,2
DA:15,2
DA:16,2
DA:20,2
DA:22,2
DA:23,2
DA:24,10
DA:27,2
DA:29,2
DA:30,2
DA:33,2
DA:35,2
DA:36,2
DA:37,2
DA:41,2
DA:42,2
DA:43,1
DA:44,2
DA:45,1
DA:47,4
DA:49,1
DA:50,1
DA:52,2
LF:23
LH:23
end_of_record
SF:lib\features\movies\presentation\pages\home_movie_page.dart
DA:22,1
DA:25,1
DA:26,1
DA:31,1
DA:34,1
DA:36,1
DA:37,2
DA:38,4
DA:39,4
DA:40,4
DA:44,1
DA:46,1
DA:47,1
DA:48,1
DA:50,1
DA:51,1
DA:52,1
DA:53,1
DA:57,1
DA:59,1
DA:60,1
DA:65,1
DA:67,1
DA:68,1
DA:70,1
DA:71,2
DA:72,1
DA:73,1
DA:74,2
DA:75,1
DA:77,1
DA:78,2
DA:83,1
DA:85,1
DA:86,1
DA:88,1
DA:89,1
DA:90,2
DA:91,1
DA:93,1
DA:94,2
DA:99,1
DA:101,1
DA:102,1
DA:104,1
DA:105,1
DA:106,2
DA:107,1
DA:109,1
DA:110,2
DA:122,1
DA:123,1
DA:125,1
DA:126,2
DA:127,1
DA:142,1
DA:144,1
DA:146,1
DA:148,1
DA:150,1
DA:151,2
DA:152,1
DA:154,1
DA:155,1
DA:156,1
DA:159,1
DA:162,1
DA:164,1
DA:165,2
DA:173,2
LF:70
LH:70
end_of_record
SF:lib\features\movies\presentation\pages\movie_detail_page.dart
DA:18,1
DA:20,1
DA:21,1
DA:25,1
DA:27,1
DA:28,2
DA:29,6
DA:30,6
DA:34,1
DA:36,1
DA:37,1
DA:38,1
DA:39,2
DA:40,2
DA:41,3
DA:45,1
DA:46,3
DA:47,2
DA:48,1
DA:49,2
DA:51,2
DA:52,1
DA:53,1
DA:54,1
DA:55,1
DA:57,1
DA:58,1
DA:61,2
DA:62,3
DA:77,1
DA:80,1
DA:82,3
DA:83,1
DA:84,1
DA:85,1
DA:86,3
DA:90,1
DA:92,1
DA:93,1
DA:94,1
DA:95,1
DA:96,3
DA:105,1
DA:106,1
DA:107,1
DA:109,1
DA:111,1
DA:113,1
DA:114,1
DA:115,2
DA:116,1
DA:118,1
DA:119,1
DA:120,1
DA:122,1
DA:123,3
DA:126,0
DA:127,0
DA:130,1
DA:132,1
DA:133,1
DA:140,1
DA:141,3
DA:143,1
DA:144,3
DA:146,1
DA:147,1
DA:148,1
DA:149,3
DA:151,1
DA:157,4
DA:161,1
DA:163,1
DA:165,1
DA:166,2
DA:169,1
DA:171,1
DA:173,1
DA:174,1
DA:175,2
DA:180,2
DA:182,0
DA:183,2
DA:185,1
DA:187,1
DA:189,1
DA:190,2
DA:191,1
DA:193,1
DA:194,1
DA:195,1
DA:198,1
DA:201,1
DA:206,1
DA:208,2
DA:216,2
DA:220,0
DA:228,1
DA:230,1
DA:245,1
DA:247,1
DA:250,1
DA:252,0
DA:253,0
DA:262,1
DA:264,2
DA:265,3
DA:268,1
DA:272,3
DA:275,1
DA:276,1
DA:277,1
DA:279,1
DA:280,1
DA:282,0
LF:115
LH:108
end_of_record
SF:lib\features\movies\presentation\pages\search_page.dart
DA:14,1
DA:16,4
DA:17,4
DA:26,4
DA:28,4
DA:32,0
DA:33,0
DA:34,0
DA:35,0
DA:36,0
DA:37,0
DA:41,0
DA:42,0
DA:43,0
DA:44,0
DA:45,0
DA:46,0
DA:47,0
DA:48,0
DA:50,0
DA:55,0
DA:57,0
DA:58,0
DA:59,0
DA:62,4
DA:64,4
DA:65,4
DA:66,4
DA:68,4
DA:70,4
DA:71,4
DA:72,4
DA:73,4
DA:74,4
DA:75,4
DA:76,4
DA:77,0
DA:78,0
DA:79,0
DA:80,0
DA:81,0
DA:82,0
DA:85,4
DA:88,8
DA:89,0
DA:92,0
DA:93,0
DA:94,0
DA:95,0
DA:97,0
DA:98,0
DA:108,4
DA:109,0
DA:110,0
DA:111,0
DA:113,0
DA:114,0
DA:116,0
DA:118,0
DA:119,0
DA:120,0
DA:126,0
DA:129,0
DA:130,0
DA:131,0
DA:132,0
DA:133,0
DA:134,0
DA:135,0
DA:136,0
DA:137,0
DA:139,0
DA:140,0
DA:143,0
DA:152,8
DA:153,4
DA:154,0
DA:155,0
DA:156,0
DA:158,0
DA:159,0
DA:160,0
DA:162,0
DA:164,0
DA:165,0
DA:168,0
DA:169,0
DA:170,0
DA:172,0
DA:173,0
DA:174,0
DA:177,0
DA:178,0
DA:195,0
LF:94
LH:22
end_of_record
SF:lib\features\movies\presentation\pages\top_rated_movies_page.dart
DA:13,0
DA:15,2
DA:16,2
DA:20,2
DA:22,2
DA:23,2
DA:24,10
DA:27,2
DA:29,2
DA:30,2
DA:33,2
DA:35,2
DA:36,2
DA:37,2
DA:41,2
DA:42,2
DA:43,1
DA:44,2
DA:45,1
DA:47,4
DA:49,1
DA:50,1
DA:52,2
LF:23
LH:22
end_of_record
SF:lib\features\movies\presentation\pages\watchlist_movies_page.dart
DA:14,0
DA:16,2
DA:17,2
DA:22,2
DA:24,2
DA:25,2
DA:26,10
DA:29,2
DA:31,2
DA:32,8
DA:35,0
DA:37,0
DA:40,2
DA:42,2
DA:43,2
DA:46,2
DA:48,2
DA:49,2
DA:50,2
DA:54,2
DA:55,2
DA:56,1
DA:57,2
DA:58,1
DA:60,4
DA:62,1
DA:63,1
DA:65,2
DA:78,2
DA:80,4
DA:81,2
LF:31
LH:28
end_of_record
SF:lib\features\movies\presentation\widgets\movie_card_list.dart
DA:9,6
DA:11,6
DA:13,12
DA:14,6
DA:15,6
DA:17,12
DA:18,6
DA:19,6
DA:20,2
DA:21,2
DA:24,4
DA:27,6
DA:29,6
DA:31,6
DA:32,6
DA:33,6
DA:34,6
DA:35,18
DA:42,6
DA:43,6
DA:45,6
DA:46,6
DA:47,12
DA:50,6
DA:53,6
DA:54,12
LF:26
LH:26
end_of_record
