SF:lib\app\theme.dart
DA:6,2
DA:9,2
DA:10,2
DA:14,2
DA:15,2
DA:16,2
DA:17,2
DA:21,2
DA:23,2
DA:24,2
DA:33,2
DA:36,2
DA:37,2
DA:41,2
DA:42,2
DA:43,2
DA:44,2
DA:48,2
DA:50,2
DA:51,2
LF:20
LH:20
end_of_record
SF:lib\app\app.dart
DA:15,3
DA:17,1
DA:19,1
DA:20,1
DA:21,1
DA:22,1
DA:23,1
DA:24,1
DA:25,1
DA:27,1
DA:28,1
DA:29,1
DA:31,1
DA:32,1
DA:33,1
DA:34,1
LF:16
LH:16
end_of_record
SF:lib\app\providers.dart
DA:22,2
DA:23,2
DA:25,5
DA:28,2
DA:29,3
DA:31,2
DA:32,3
DA:34,2
DA:35,3
DA:37,2
DA:38,3
DA:40,2
DA:41,3
DA:43,2
DA:44,3
DA:48,2
DA:49,3
DA:51,2
DA:52,3
DA:54,5
DA:55,5
DA:56,5
DA:57,5
DA:58,2
DA:59,3
LF:25
LH:25
end_of_record
SF:lib\app\routes.dart
DA:20,3
DA:21,3
DA:22,3
DA:23,1
DA:24,3
DA:25,1
DA:26,3
DA:27,1
DA:28,3
DA:29,2
DA:30,2
DA:31,2
DA:34,3
DA:35,1
DA:36,3
DA:37,1
DA:39,3
DA:40,1
DA:41,3
DA:42,1
DA:43,3
DA:44,1
DA:45,3
DA:46,1
DA:47,3
DA:48,1
DA:49,3
DA:50,2
DA:51,2
DA:52,2
DA:55,2
DA:56,1
DA:57,2
DA:58,1
DA:59,2
DA:60,3
DA:62,3
LF:37
LH:37
end_of_record
SF:lib\app\shell.dart
DA:9,4
DA:11,3
DA:12,3
DA:26,2
DA:28,4
DA:29,2
DA:32,2
DA:34,2
DA:35,2
DA:36,2
DA:38,1
DA:39,3
DA:41,2
DA:43,2
DA:45,3
DA:48,2
DA:49,2
DA:64,4
LF:18
LH:18
end_of_record
SF:lib\app\theme_mode_cubit.dart
DA:9,7
DA:11,3
DA:14,3
DA:15,9
DA:16,9
DA:18,1
DA:19,2
DA:26,6
DA:27,3
DA:30,3
DA:31,3
DA:32,3
DA:34,3
DA:35,3
DA:38,6
DA:41,2
DA:42,2
DA:44,2
DA:45,2
DA:46,1
DA:48,2
DA:51,1
DA:52,2
DA:53,1
DA:54,1
DA:55,1
DA:57,2
DA:58,1
DA:61,2
DA:62,4
DA:63,2
LF:31
LH:31
end_of_record
SF:lib\injection.dart
DA:53,21
DA:55,6
DA:57,12
DA:58,20
DA:59,16
DA:60,16
DA:61,16
DA:62,4
DA:63,4
DA:64,4
DA:65,4
DA:66,4
DA:67,16
DA:68,16
DA:71,20
DA:72,20
DA:73,20
DA:74,20
DA:75,16
DA:76,4
DA:77,4
DA:78,4
DA:79,4
DA:80,4
DA:81,16
DA:82,16
DA:85,20
DA:86,16
DA:87,16
DA:88,20
DA:89,20
DA:90,16
DA:91,20
DA:92,20
DA:93,20
DA:94,16
DA:97,20
DA:98,20
DA:99,20
DA:100,20
DA:101,20
DA:102,20
DA:103,16
DA:104,16
DA:105,20
DA:106,20
DA:107,20
DA:108,12
DA:111,12
DA:112,4
DA:113,4
DA:114,4
DA:117,12
DA:118,4
DA:119,4
DA:120,4
DA:125,12
DA:126,8
DA:127,12
DA:128,8
DA:129,12
DA:130,8
DA:131,12
DA:132,8
DA:135,12
DA:138,12
DA:139,6
LF:67
LH:67
end_of_record
SF:lib\presentation\pages\about_page.dart
DA:7,4
DA:9,3
DA:11,6
DA:12,3
DA:13,3
DA:14,3
DA:15,3
DA:16,3
DA:17,3
DA:18,3
DA:19,3
DA:20,3
DA:27,3
DA:28,3
DA:30,3
DA:31,3
DA:33,3
DA:34,3
DA:35,3
DA:36,6
LF:20
LH:20
end_of_record
SF:lib\main.dart
DA:12,2
DA:15,4
DA:17,0
DA:18,0
DA:21,2
DA:24,0
DA:25,0
DA:28,2
DA:29,0
DA:33,2
DA:36,3
DA:37,2
DA:42,0
DA:43,0
DA:46,1
DA:47,1
DA:48,1
DA:49,1
DA:50,1
LF:19
LH:12
end_of_record
