SF:lib\app\theme.dart
DA:6,3
DA:9,3
DA:10,3
DA:14,3
DA:15,3
DA:16,3
DA:17,3
DA:21,3
DA:23,3
DA:24,3
DA:33,3
DA:36,3
DA:37,3
DA:41,3
DA:42,3
DA:43,3
DA:44,3
DA:48,3
DA:50,3
DA:51,3
LF:20
LH:20
end_of_record
SF:lib\injection.dart
DA:49,18
DA:51,6
DA:53,12
DA:54,12
DA:55,8
DA:56,8
DA:57,8
DA:58,8
DA:61,12
DA:62,4
DA:63,4
DA:64,4
DA:65,4
DA:66,4
DA:67,4
DA:70,12
DA:71,4
DA:72,4
DA:75,12
DA:76,4
DA:77,4
DA:80,12
DA:81,4
DA:82,4
DA:87,12
DA:88,4
DA:89,4
DA:90,4
DA:91,4
DA:92,4
DA:95,12
DA:96,4
DA:97,4
DA:98,4
DA:99,4
DA:100,4
DA:101,4
DA:102,4
DA:105,20
DA:106,20
DA:107,20
DA:108,12
DA:109,4
DA:110,4
DA:115,28
DA:116,28
DA:117,28
DA:118,20
DA:119,20
DA:120,16
DA:121,20
DA:122,20
DA:123,20
DA:124,20
DA:127,28
DA:128,28
DA:129,28
DA:130,28
DA:131,20
DA:132,20
DA:133,20
DA:134,20
DA:135,20
DA:136,20
DA:137,20
DA:138,20
DA:141,12
DA:142,8
DA:143,8
DA:144,8
DA:147,12
DA:148,8
DA:149,8
DA:150,8
DA:155,12
DA:156,16
DA:157,12
DA:158,16
DA:159,12
DA:160,16
DA:161,12
DA:162,16
DA:165,12
DA:168,12
LF:84
LH:84
end_of_record
SF:lib\app\theme_mode_notifier.dart
DA:7,6
DA:9,4
DA:10,4
DA:13,4
DA:14,4
DA:15,1
DA:17,1
DA:18,1
DA:20,1
DA:21,1
DA:25,1
DA:27,1
DA:30,1
DA:31,1
DA:32,2
DA:34,2
DA:37,1
DA:40,1
DA:41,2
DA:42,1
DA:43,2
DA:44,1
DA:46,1
DA:48,1
DA:49,1
DA:52,1
DA:53,1
DA:54,1
DA:55,1
LF:29
LH:29
end_of_record
SF:lib\app\providers.dart
DA:29,3
DA:30,3
DA:31,12
DA:32,12
DA:33,6
DA:34,3
DA:35,3
DA:36,3
DA:37,3
DA:38,3
DA:39,3
DA:40,6
DA:41,6
DA:42,6
DA:43,6
DA:44,6
DA:45,6
DA:50,3
DA:51,3
DA:52,15
DA:53,3
DA:54,12
DA:55,15
DA:56,15
DA:57,3
DA:58,2
DA:59,2
DA:60,2
DA:61,2
DA:62,2
DA:63,2
DA:66,7
DA:67,7
DA:72,1
DA:73,1
DA:74,1
DA:75,1
LF:37
LH:37
end_of_record
SF:lib\app\routes.dart
DA:20,3
DA:21,3
DA:22,3
DA:23,1
DA:24,3
DA:25,1
DA:26,3
DA:27,1
DA:28,3
DA:29,2
DA:30,2
DA:31,2
DA:34,3
DA:35,1
DA:36,3
DA:37,1
DA:39,3
DA:40,1
DA:41,3
DA:42,1
DA:43,3
DA:44,1
DA:45,3
DA:46,1
DA:47,3
DA:48,1
DA:49,3
DA:50,2
DA:51,2
DA:52,2
DA:55,2
DA:56,1
DA:57,2
DA:58,1
DA:59,1
DA:60,2
DA:62,2
LF:37
LH:37
end_of_record
SF:lib\presentation\pages\about_page.dart
DA:7,3
DA:9,4
DA:11,8
DA:12,4
DA:13,4
DA:14,4
DA:15,4
DA:16,4
DA:17,4
DA:18,4
DA:19,4
DA:20,4
DA:27,4
DA:28,4
DA:30,4
DA:31,4
DA:33,4
DA:34,4
DA:35,4
DA:36,8
LF:20
LH:20
end_of_record
SF:lib\app\shell.dart
DA:9,1
DA:11,5
DA:12,5
DA:24,3
DA:26,3
DA:27,9
DA:28,3
DA:30,3
DA:33,3
DA:34,3
DA:49,4
LF:11
LH:11
end_of_record
SF:lib\main.dart
DA:8,1
DA:9,1
DA:10,1
LF:3
LH:3
end_of_record
SF:lib\app\app.dart
DA:12,1
DA:14,2
DA:16,2
DA:17,2
DA:18,2
DA:19,2
DA:20,2
DA:21,2
DA:22,2
DA:24,2
DA:25,2
DA:26,2
DA:28,4
LF:13
LH:13
end_of_record
